This file contains any messages produced by compilers while
running configure, to aid debugging if configure makes a mistake.

It was created by ../src/ramsmain.f90 configure 5.0.1, which was
generated by GNU Autoconf 2.69.  Invocation command line was

  $ ./configure --program-prefix=BRAMS-6.0 --prefix=/home/lufla --enable-jules --with-chem=RELACS_TUV --with-aer=SIMPLE --with-fpcomp=/opt/gnu/bin/mpif90 --with-cpcomp=/opt/gnu/bin/mpicc --with-fcomp=gfortran --with-ccomp=gcc --with-netcdff=/opt/gnu/lib --with-netcdfc=/opt/gnu/lib --with-wgrib2=/opt/gnu CPPFLAGS=-I/opt/gnu/include LDFLAGS=-L/opt/gnu/lib --with-wgrib2=/opt/gnu

## --------- ##
## Platform. ##
## --------- ##

hostname = enterprise
uname -m = x86_64
uname -r = 5.15.11-zen1-1-zen
uname -s = Linux
uname -v = #1 ZEN SMP PREEMPT Wed, 22 Dec 2021 09:23:53 +0000

/usr/bin/uname -p = unknown
/bin/uname -X     = unknown

/bin/arch              = unknown
/usr/bin/arch -k       = unknown
/usr/convex/getsysinfo = unknown
/usr/bin/hostinfo      = unknown
/bin/machine           = unknown
/usr/bin/oslevel       = unknown
/bin/universe          = unknown

PATH: /opt/gnu/bin
PATH: /opt/gnu/include
PATH: /usr/local/sbin
PATH: /usr/local/bin
PATH: /usr/bin
PATH: /usr/lib/jvm/default/bin
PATH: /usr/bin/site_perl
PATH: /usr/bin/vendor_perl
PATH: /usr/bin/core_perl
PATH: .
PATH: /opt/julia-1.7.0-rc2/bin/


## ----------- ##
## Core tests. ##
## ----------- ##

configure:2165: checking for a BSD-compatible install
configure:2233: result: /usr/bin/install -c
configure:2244: checking whether build environment is sane
configure:2299: result: yes
configure:2450: checking for a thread-safe mkdir -p
configure:2489: result: /usr/bin/mkdir -p
configure:2496: checking for gawk
configure:2512: found /usr/bin/gawk
configure:2523: result: gawk
configure:2534: checking whether make sets $(MAKE)
configure:2556: result: yes
configure:2585: checking whether make supports nested variables
configure:2602: result: yes
configure:2734: checking fpcomp Fortran Parallel Compiler
configure:2758: checking fcomp Fortran Compiler
configure:2782: checking cpcomp C Parallel Compiler
configure:2808: checking wgrib2 library
configure:2832: checking netcdf Fortran library
configure:2857: checking netCDF C library
configure:2881: checking HDF5 library
configure:2904: checking ccomp C Compiler
configure:2928: checking aer mechanism
configure:2959: checking aerosol level
configure:2990: checking chem mechanism
configure:3022: checking zlib lib
configure:3072: checking for style of include used by make
configure:3100: result: GNU
configure:3171: checking for gcc
configure:3187: found /usr/bin/gcc
configure:3198: result: gcc
configure:3427: checking for C compiler version
configure:3436: gcc --version >&5
gcc (GCC) 11.1.0
Copyright (C) 2021 Free Software Foundation, Inc.
This is free software; see the source for copying conditions.  There is NO
warranty; not even for MERCHANTABILITY or FITNESS FOR A PARTICULAR PURPOSE.

configure:3447: $? = 0
configure:3436: gcc -v >&5
Using built-in specs.
COLLECT_GCC=gcc
COLLECT_LTO_WRAPPER=/usr/lib/gcc/x86_64-pc-linux-gnu/11.1.0/lto-wrapper
Target: x86_64-pc-linux-gnu
Configured with: /build/gcc/src/gcc/configure --prefix=/usr --libdir=/usr/lib --libexecdir=/usr/lib --mandir=/usr/share/man --infodir=/usr/share/info --with-bugurl=https://bugs.archlinux.org/ --enable-languages=c,c++,ada,fortran,go,lto,objc,obj-c++,d --with-isl --with-linker-hash-style=gnu --with-system-zlib --enable-__cxa_atexit --enable-cet=auto --enable-checking=release --enable-clocale=gnu --enable-default-pie --enable-default-ssp --enable-gnu-indirect-function --enable-gnu-unique-object --enable-install-libiberty --enable-linker-build-id --enable-lto --enable-multilib --enable-plugin --enable-shared --enable-threads=posix --disable-libssp --disable-libstdcxx-pch --disable-libunwind-exceptions --disable-werror gdc_include_dir=/usr/include/dlang/gdc
Thread model: posix
Supported LTO compression algorithms: zlib zstd
gcc version 11.1.0 (GCC) 
configure:3447: $? = 0
configure:3436: gcc -V >&5
gcc: error: unrecognized command-line option '-V'
gcc: fatal error: no input files
compilation terminated.
configure:3447: $? = 1
configure:3436: gcc -qversion >&5
gcc: error: unrecognized command-line option '-qversion'; did you mean '--version'?
gcc: fatal error: no input files
compilation terminated.
configure:3447: $? = 1
configure:3467: checking whether the C compiler works
configure:3489: gcc  -I/opt/gnu/include -L/opt/gnu/lib conftest.c  >&5
configure:3493: $? = 0
configure:3541: result: yes
configure:3544: checking for C compiler default output file name
configure:3546: result: a.out
configure:3552: checking for suffix of executables
configure:3559: gcc -o conftest  -I/opt/gnu/include -L/opt/gnu/lib conftest.c  >&5
configure:3563: $? = 0
configure:3585: result: 
configure:3607: checking whether we are cross compiling
configure:3615: gcc -o conftest  -I/opt/gnu/include -L/opt/gnu/lib conftest.c  >&5
configure:3619: $? = 0
configure:3626: ./conftest
configure:3630: $? = 0
configure:3645: result: no
configure:3650: checking for suffix of object files
configure:3672: gcc -c  -I/opt/gnu/include conftest.c >&5
configure:3676: $? = 0
configure:3697: result: o
configure:3701: checking whether we are using the GNU C compiler
configure:3720: gcc -c  -I/opt/gnu/include conftest.c >&5
configure:3720: $? = 0
configure:3729: result: yes
configure:3738: checking whether gcc accepts -g
configure:3758: gcc -c -g -I/opt/gnu/include conftest.c >&5
configure:3758: $? = 0
configure:3799: result: yes
configure:3816: checking for gcc option to accept ISO C89
configure:3879: gcc  -c -g -O2 -I/opt/gnu/include conftest.c >&5
configure:3879: $? = 0
configure:3892: result: none needed
configure:3917: checking whether gcc understands -c and -o together
configure:3939: gcc -c conftest.c -o conftest2.o
configure:3942: $? = 0
configure:3939: gcc -c conftest.c -o conftest2.o
configure:3942: $? = 0
configure:3954: result: yes
configure:3973: checking dependency style of gcc
configure:4084: result: none
configure:4105: checking how to run the C preprocessor
configure:4136: gcc -E -I/opt/gnu/include conftest.c
configure:4136: $? = 0
configure:4150: gcc -E -I/opt/gnu/include conftest.c
conftest.c:11:10: fatal error: ac_nonexistent.h: No such file or directory
   11 | #include <ac_nonexistent.h>
      |          ^~~~~~~~~~~~~~~~~~
compilation terminated.
configure:4150: $? = 1
configure: failed program was:
| /* confdefs.h */
| #define PACKAGE_NAME "../src/ramsmain.f90"
| #define PACKAGE_TARNAME "---src-ramsmain-f90"
| #define PACKAGE_VERSION "5.0.1"
| #define PACKAGE_STRING "../src/ramsmain.f90 5.0.1"
| #define PACKAGE_BUGREPORT ""
| #define PACKAGE_URL ""
| #define PACKAGE "brams"
| #define VERSION "5.0.1"
| /* end confdefs.h.  */
| #include <ac_nonexistent.h>
configure:4175: result: gcc -E
configure:4195: gcc -E -I/opt/gnu/include conftest.c
configure:4195: $? = 0
configure:4209: gcc -E -I/opt/gnu/include conftest.c
conftest.c:11:10: fatal error: ac_nonexistent.h: No such file or directory
   11 | #include <ac_nonexistent.h>
      |          ^~~~~~~~~~~~~~~~~~
compilation terminated.
configure:4209: $? = 1
configure: failed program was:
| /* confdefs.h */
| #define PACKAGE_NAME "../src/ramsmain.f90"
| #define PACKAGE_TARNAME "---src-ramsmain-f90"
| #define PACKAGE_VERSION "5.0.1"
| #define PACKAGE_STRING "../src/ramsmain.f90 5.0.1"
| #define PACKAGE_BUGREPORT ""
| #define PACKAGE_URL ""
| #define PACKAGE "brams"
| #define VERSION "5.0.1"
| /* end confdefs.h.  */
| #include <ac_nonexistent.h>
configure:4238: checking for grep that handles long lines and -e
configure:4296: result: /usr/bin/grep
configure:4301: checking for egrep
configure:4363: result: /usr/bin/grep -E
configure:4368: checking for ANSI C header files
configure:4388: gcc -c -g -O2 -I/opt/gnu/include conftest.c >&5
configure:4388: $? = 0
configure:4461: gcc -o conftest -g -O2 -I/opt/gnu/include -L/opt/gnu/lib conftest.c  >&5
configure:4461: $? = 0
configure:4461: ./conftest
configure:4461: $? = 0
configure:4472: result: yes
configure:4485: checking for sys/types.h
configure:4485: gcc -c -g -O2 -I/opt/gnu/include conftest.c >&5
configure:4485: $? = 0
configure:4485: result: yes
configure:4485: checking for sys/stat.h
configure:4485: gcc -c -g -O2 -I/opt/gnu/include conftest.c >&5
configure:4485: $? = 0
configure:4485: result: yes
configure:4485: checking for stdlib.h
configure:4485: gcc -c -g -O2 -I/opt/gnu/include conftest.c >&5
configure:4485: $? = 0
configure:4485: result: yes
configure:4485: checking for string.h
configure:4485: gcc -c -g -O2 -I/opt/gnu/include conftest.c >&5
configure:4485: $? = 0
configure:4485: result: yes
configure:4485: checking for memory.h
configure:4485: gcc -c -g -O2 -I/opt/gnu/include conftest.c >&5
configure:4485: $? = 0
configure:4485: result: yes
configure:4485: checking for strings.h
configure:4485: gcc -c -g -O2 -I/opt/gnu/include conftest.c >&5
configure:4485: $? = 0
configure:4485: result: yes
configure:4485: checking for inttypes.h
configure:4485: gcc -c -g -O2 -I/opt/gnu/include conftest.c >&5
configure:4485: $? = 0
configure:4485: result: yes
configure:4485: checking for stdint.h
configure:4485: gcc -c -g -O2 -I/opt/gnu/include conftest.c >&5
configure:4485: $? = 0
configure:4485: result: yes
configure:4485: checking for unistd.h
configure:4485: gcc -c -g -O2 -I/opt/gnu/include conftest.c >&5
configure:4485: $? = 0
configure:4485: result: yes
configure:4803: checking that generated files are newer than configure
configure:4809: result: done
configure:4832: creating ./config.status

## ---------------------- ##
## Running config.status. ##
## ---------------------- ##

This file was extended by ../src/ramsmain.f90 config.status 5.0.1, which was
generated by GNU Autoconf 2.69.  Invocation command line was

  CONFIG_FILES    = 
  CONFIG_HEADERS  = 
  CONFIG_LINKS    = 
  CONFIG_COMMANDS = 
  $ ./config.status 

on enterprise

config.status:795: creating Makefile
config.status:795: creating Make_utils
config.status:967: executing depfiles commands

## ---------------- ##
## Cache variables. ##
## ---------------- ##

ac_cv_c_compiler_gnu=yes
ac_cv_env_CC_set=
ac_cv_env_CC_value=
ac_cv_env_CFLAGS_set=
ac_cv_env_CFLAGS_value=
ac_cv_env_CPPFLAGS_set=set
ac_cv_env_CPPFLAGS_value=-I/opt/gnu/include
ac_cv_env_CPP_set=
ac_cv_env_CPP_value=
ac_cv_env_LDFLAGS_set=set
ac_cv_env_LDFLAGS_value=-L/opt/gnu/lib
ac_cv_env_LIBS_set=
ac_cv_env_LIBS_value=
ac_cv_env_build_alias_set=
ac_cv_env_build_alias_value=
ac_cv_env_host_alias_set=
ac_cv_env_host_alias_value=
ac_cv_env_target_alias_set=
ac_cv_env_target_alias_value=
ac_cv_header_inttypes_h=yes
ac_cv_header_memory_h=yes
ac_cv_header_stdc=yes
ac_cv_header_stdint_h=yes
ac_cv_header_stdlib_h=yes
ac_cv_header_string_h=yes
ac_cv_header_strings_h=yes
ac_cv_header_sys_stat_h=yes
ac_cv_header_sys_types_h=yes
ac_cv_header_unistd_h=yes
ac_cv_objext=o
ac_cv_path_EGREP='/usr/bin/grep -E'
ac_cv_path_GREP=/usr/bin/grep
ac_cv_path_install='/usr/bin/install -c'
ac_cv_path_mkdir=/usr/bin/mkdir
ac_cv_prog_AWK=gawk
ac_cv_prog_CPP='gcc -E'
ac_cv_prog_ac_ct_CC=gcc
ac_cv_prog_cc_c89=
ac_cv_prog_cc_g=yes
ac_cv_prog_make_make_set=yes
am_cv_CC_dependencies_compiler_type=none
am_cv_make_support_nested_variables=yes
am_cv_prog_cc_c_o=yes

## ----------------- ##
## Output variables. ##
## ----------------- ##

ACLOCAL='${SHELL} /home/lufla/projetos/brams-furnas-brams/BRAMS-6.0/build/missing aclocal-1.14'
AER='SIMPLE'
AMDEPBACKSLASH='\'
AMDEP_FALSE='#'
AMDEP_TRUE=''
AMTAR='$${TAR-tar}'
AM_BACKSLASH='\'
AM_DEFAULT_V='$(AM_DEFAULT_VERBOSITY)'
AM_DEFAULT_VERBOSITY='1'
AM_V='$(V)'
AUTOCONF='${SHELL} /home/lufla/projetos/brams-furnas-brams/BRAMS-6.0/build/missing autoconf'
AUTOHEADER='${SHELL} /home/lufla/projetos/brams-furnas-brams/BRAMS-6.0/build/missing autoheader'
AUTOMAKE='${SHELL} /home/lufla/projetos/brams-furnas-brams/BRAMS-6.0/build/missing automake-1.14'
AWK='gawk'
CC='gcc'
CCDEPMODE='depmode=none'
CCOMP='gcc'
CFLAGS='-g -O2'
CHEM='RELACS_TUV'
CMACH='PC_LINUX1'
CPCOMP='/opt/gnu/bin/mpicc'
CPP='gcc -E'
CPPFLAGS='-I/opt/gnu/include'
CYGPATH_W='echo'
DEFS='-DPACKAGE_NAME=\"../src/ramsmain.f90\" -DPACKAGE_TARNAME=\"---src-ramsmain-f90\" -DPACKAGE_VERSION=\"5.0.1\" -DPACKAGE_STRING=\"../src/ramsmain.f90\ 5.0.1\" -DPACKAGE_BUGREPORT=\"\" -DPACKAGE_URL=\"\" -DPACKAGE=\"brams\" -DVERSION=\"5.0.1\" -DSTDC_HEADERS=1 -DHAVE_SYS_TYPES_H=1 -DHAVE_SYS_STAT_H=1 -DHAVE_STDLIB_H=1 -DHAVE_STRING_H=1 -DHAVE_MEMORY_H=1 -DHAVE_STRINGS_H=1 -DHAVE_INTTYPES_H=1 -DHAVE_STDINT_H=1 -DHAVE_UNISTD_H=1'
DEPDIR='.deps'
ECHO_C=''
ECHO_N='-n'
ECHO_T=''
EGREP='/usr/bin/grep -E'
EXEEXT=''
FCOMP='gfortran'
FPCOMP='/opt/gnu/bin/mpif90'
GREP='/usr/bin/grep'
HAVE_ZLIB='no'
HDF5DIR=''
HDF5LIB=''
INSTALL_DATA='${INSTALL} -m 644'
INSTALL_PROGRAM='${INSTALL}'
INSTALL_SCRIPT='${INSTALL}'
INSTALL_STRIP_PROGRAM='$(install_sh) -c -s'
LDFLAGS='-L/opt/gnu/lib'
LIBOBJS=''
LIBS=''
LTLIBOBJS=''
MAKEINFO='${SHELL} /home/lufla/projetos/brams-furnas-brams/BRAMS-6.0/build/missing makeinfo'
MATRIXLEV='1'
MKDIR_P='/usr/bin/mkdir -p'
NETCDFCDIR='/opt/gnu/lib'
NETCDFFDIR='/opt/gnu/lib'
OBJEXT='o'
PACKAGE='brams'
PACKAGE_BUGREPORT=''
PACKAGE_NAME='../src/ramsmain.f90'
PACKAGE_STRING='../src/ramsmain.f90 5.0.1'
PACKAGE_TARNAME='---src-ramsmain-f90'
PACKAGE_URL=''
PACKAGE_VERSION='5.0.1'
PAR_DEFS='-DRAMS_MPI'
PATH_SEPARATOR=':'
SET_MAKE=''
SHELL='/bin/sh'
STRIP=''
VERSION='5.0.1'
WGRIBDIR='/opt/gnu'
ZLIB=''
ac_ct_CC='gcc'
am__EXEEXT_FALSE=''
am__EXEEXT_TRUE='#'
am__fastdepCC_FALSE=''
am__fastdepCC_TRUE='#'
am__include='include'
am__isrc=''
am__leading_dot='.'
am__nodep='_no'
am__quote=''
am__tar='$${TAR-tar} chof - "$$tardir"'
am__untar='$${TAR-tar} xf -'
bindir='${exec_prefix}/bin'
build_alias=''
datadir='${datarootdir}'
datarootdir='${prefix}/share'
docdir='${datarootdir}/doc/${PACKAGE_TARNAME}'
dvidir='${docdir}'
exec_prefix='${prefix}'
host_alias=''
htmldir='${docdir}'
includedir='${prefix}/include'
infodir='${datarootdir}/info'
install_sh='${SHELL} /home/lufla/projetos/brams-furnas-brams/BRAMS-6.0/build/install-sh'
jules='true'
libdir='${exec_prefix}/lib'
libexecdir='${exec_prefix}/libexec'
localedir='${datarootdir}/locale'
localstatedir='${prefix}/var'
mandir='${datarootdir}/man'
mkdir_p='$(MKDIR_P)'
oldincludedir='/usr/include'
pdfdir='${docdir}'
prefix='/home/lufla'
program_transform_name='s&^&BRAMS-6.0&'
psdir='${docdir}'
sbindir='${exec_prefix}/sbin'
sharedstatedir='${prefix}/com'
sysconfdir='${prefix}/etc'
target_alias=''

## ----------- ##
## confdefs.h. ##
## ----------- ##

/* confdefs.h */
#define PACKAGE_NAME "../src/ramsmain.f90"
#define PACKAGE_TARNAME "---src-ramsmain-f90"
#define PACKAGE_VERSION "5.0.1"
#define PACKAGE_STRING "../src/ramsmain.f90 5.0.1"
#define PACKAGE_BUGREPORT ""
#define PACKAGE_URL ""
#define PACKAGE "brams"
#define VERSION "5.0.1"
#define STDC_HEADERS 1
#define HAVE_SYS_TYPES_H 1
#define HAVE_SYS_STAT_H 1
#define HAVE_STDLIB_H 1
#define HAVE_STRING_H 1
#define HAVE_MEMORY_H 1
#define HAVE_STRINGS_H 1
#define HAVE_INTTYPES_H 1
#define HAVE_STDINT_H 1
#define HAVE_UNISTD_H 1

configure: exit 0
